2019-08-07 15:04:43,022 DEBUG [dummy.process.App][main] Spawning memory reader scheduler
2019-08-07 15:04:51,527 DEBUG [dummy.process.App][Thread-0] Shutting down
2019-08-07 15:04:59,402 DEBUG [dummy.process.App][main] Spawning memory reader scheduler
2019-08-07 15:05:09,436 WARN [dummy.process.MemoryReader][pool-2-thread-1] Used Memory  : 4 MB
2019-08-07 15:05:09,438 WARN [dummy.process.MemoryReader][pool-2-thread-1] Free Memory  : 13 MB
2019-08-07 15:05:09,438 WARN [dummy.process.MemoryReader][pool-2-thread-1] Total memory : 17 MB
2019-08-07 15:05:09,439 WARN [dummy.process.MemoryReader][pool-2-thread-1] Max Memory   : 2048 MB
2019-08-07 15:05:14,463 WARN [dummy.process.MemoryReader][pool-2-thread-1] Used Memory  : 4 MB
2019-08-07 15:05:14,464 WARN [dummy.process.MemoryReader][pool-2-thread-1] Free Memory  : 10 MB
2019-08-07 15:05:14,465 WARN [dummy.process.MemoryReader][pool-2-thread-1] Total memory : 14 MB
2019-08-07 15:05:14,466 WARN [dummy.process.MemoryReader][pool-2-thread-1] Max Memory   : 2048 MB
2019-08-07 15:05:19,490 WARN [dummy.process.MemoryReader][pool-2-thread-1] Used Memory  : 4 MB
2019-08-07 15:05:19,491 WARN [dummy.process.MemoryReader][pool-2-thread-1] Free Memory  : 10 MB
2019-08-07 15:05:19,491 WARN [dummy.process.MemoryReader][pool-2-thread-1] Total memory : 14 MB
2019-08-07 15:05:19,492 WARN [dummy.process.MemoryReader][pool-2-thread-1] Max Memory   : 2048 MB
2019-08-07 15:05:24,512 WARN [dummy.process.MemoryReader][pool-2-thread-1] Used Memory  : 4 MB
2019-08-07 15:05:24,514 WARN [dummy.process.MemoryReader][pool-2-thread-1] Free Memory  : 10 MB
2019-08-07 15:05:24,514 WARN [dummy.process.MemoryReader][pool-2-thread-1] Total memory : 14 MB
2019-08-07 15:05:24,515 WARN [dummy.process.MemoryReader][pool-2-thread-1] Max Memory   : 2048 MB
2019-08-07 15:05:29,535 WARN [dummy.process.MemoryReader][pool-2-thread-1] Used Memory  : 4 MB
2019-08-07 15:05:29,535 WARN [dummy.process.MemoryReader][pool-2-thread-1] Free Memory  : 10 MB
2019-08-07 15:05:29,535 WARN [dummy.process.MemoryReader][pool-2-thread-1] Total memory : 14 MB
2019-08-07 15:05:29,536 WARN [dummy.process.MemoryReader][pool-2-thread-1] Max Memory   : 2048 MB
2019-08-07 15:05:34,554 WARN [dummy.process.MemoryReader][pool-2-thread-1] Used Memory  : 4 MB
2019-08-07 15:05:34,554 WARN [dummy.process.MemoryReader][pool-2-thread-1] Free Memory  : 10 MB
2019-08-07 15:05:34,555 WARN [dummy.process.MemoryReader][pool-2-thread-1] Total memory : 14 MB
2019-08-07 15:05:34,556 WARN [dummy.process.MemoryReader][pool-2-thread-1] Max Memory   : 2048 MB
2019-08-07 15:05:39,579 WARN [dummy.process.MemoryReader][pool-2-thread-1] Used Memory  : 4 MB
2019-08-07 15:05:39,580 WARN [dummy.process.MemoryReader][pool-2-thread-1] Free Memory  : 10 MB
2019-08-07 15:05:39,581 WARN [dummy.process.MemoryReader][pool-2-thread-1] Total memory : 14 MB
2019-08-07 15:05:39,581 WARN [dummy.process.MemoryReader][pool-2-thread-1] Max Memory   : 2048 MB
2019-08-07 15:05:44,605 WARN [dummy.process.MemoryReader][pool-2-thread-1] Used Memory  : 4 MB
2019-08-07 15:05:44,606 WARN [dummy.process.MemoryReader][pool-2-thread-1] Free Memory  : 10 MB
2019-08-07 15:05:44,607 WARN [dummy.process.MemoryReader][pool-2-thread-1] Total memory : 14 MB
2019-08-07 15:05:44,607 WARN [dummy.process.MemoryReader][pool-2-thread-1] Max Memory   : 2048 MB
2019-08-07 15:05:49,641 WARN [dummy.process.MemoryReader][pool-2-thread-1] Used Memory  : 4 MB
2019-08-07 15:05:49,642 WARN [dummy.process.MemoryReader][pool-2-thread-1] Free Memory  : 10 MB
2019-08-07 15:05:49,642 WARN [dummy.process.MemoryReader][pool-2-thread-1] Total memory : 14 MB
2019-08-07 15:05:49,642 WARN [dummy.process.MemoryReader][pool-2-thread-1] Max Memory   : 2048 MB
2019-08-07 15:05:54,666 WARN [dummy.process.MemoryReader][pool-2-thread-1] Used Memory  : 4 MB
2019-08-07 15:05:54,666 WARN [dummy.process.MemoryReader][pool-2-thread-1] Free Memory  : 10 MB
2019-08-07 15:05:54,666 WARN [dummy.process.MemoryReader][pool-2-thread-1] Total memory : 14 MB
2019-08-07 15:05:54,667 WARN [dummy.process.MemoryReader][pool-2-thread-1] Max Memory   : 2048 MB
2019-08-07 15:05:59,687 WARN [dummy.process.MemoryReader][pool-2-thread-1] Used Memory  : 4 MB
2019-08-07 15:05:59,689 WARN [dummy.process.MemoryReader][pool-2-thread-1] Free Memory  : 10 MB
2019-08-07 15:05:59,689 WARN [dummy.process.MemoryReader][pool-2-thread-1] Total memory : 14 MB
2019-08-07 15:05:59,690 WARN [dummy.process.MemoryReader][pool-2-thread-1] Max Memory   : 2048 MB
2019-08-07 15:06:04,735 WARN [dummy.process.MemoryReader][pool-2-thread-1] Used Memory  : 4 MB
2019-08-07 15:06:04,736 WARN [dummy.process.MemoryReader][pool-2-thread-1] Free Memory  : 10 MB
2019-08-07 15:06:04,736 WARN [dummy.process.MemoryReader][pool-2-thread-1] Total memory : 14 MB
2019-08-07 15:06:04,737 WARN [dummy.process.MemoryReader][pool-2-thread-1] Max Memory   : 2048 MB
2019-08-07 15:06:09,758 WARN [dummy.process.MemoryReader][pool-2-thread-1] Used Memory  : 4 MB
2019-08-07 15:06:09,759 WARN [dummy.process.MemoryReader][pool-2-thread-1] Free Memory  : 10 MB
2019-08-07 15:06:09,759 WARN [dummy.process.MemoryReader][pool-2-thread-1] Total memory : 14 MB
2019-08-07 15:06:09,760 WARN [dummy.process.MemoryReader][pool-2-thread-1] Max Memory   : 2048 MB
2019-08-07 15:06:14,782 WARN [dummy.process.MemoryReader][pool-2-thread-1] Used Memory  : 4 MB
2019-08-07 15:06:14,783 WARN [dummy.process.MemoryReader][pool-2-thread-1] Free Memory  : 10 MB
2019-08-07 15:06:14,784 WARN [dummy.process.MemoryReader][pool-2-thread-1] Total memory : 14 MB
2019-08-07 15:06:14,784 WARN [dummy.process.MemoryReader][pool-2-thread-1] Max Memory   : 2048 MB
2019-08-07 15:06:19,807 WARN [dummy.process.MemoryReader][pool-2-thread-1] Used Memory  : 4 MB
2019-08-07 15:06:19,809 WARN [dummy.process.MemoryReader][pool-2-thread-1] Free Memory  : 10 MB
2019-08-07 15:06:19,810 WARN [dummy.process.MemoryReader][pool-2-thread-1] Total memory : 14 MB
2019-08-07 15:06:19,810 WARN [dummy.process.MemoryReader][pool-2-thread-1] Max Memory   : 2048 MB
2019-08-07 15:06:24,831 WARN [dummy.process.MemoryReader][pool-2-thread-1] Used Memory  : 4 MB
2019-08-07 15:06:24,832 WARN [dummy.process.MemoryReader][pool-2-thread-1] Free Memory  : 10 MB
2019-08-07 15:06:24,832 WARN [dummy.process.MemoryReader][pool-2-thread-1] Total memory : 14 MB
2019-08-07 15:06:24,833 WARN [dummy.process.MemoryReader][pool-2-thread-1] Max Memory   : 2048 MB
2019-08-07 15:06:29,855 WARN [dummy.process.MemoryReader][pool-2-thread-1] Used Memory  : 4 MB
2019-08-07 15:06:29,856 WARN [dummy.process.MemoryReader][pool-2-thread-1] Free Memory  : 10 MB
2019-08-07 15:06:29,856 WARN [dummy.process.MemoryReader][pool-2-thread-1] Total memory : 14 MB
2019-08-07 15:06:29,857 WARN [dummy.process.MemoryReader][pool-2-thread-1] Max Memory   : 2048 MB
2019-08-07 15:06:34,879 WARN [dummy.process.MemoryReader][pool-2-thread-1] Used Memory  : 4 MB
2019-08-07 15:06:34,880 WARN [dummy.process.MemoryReader][pool-2-thread-1] Free Memory  : 10 MB
2019-08-07 15:06:34,880 WARN [dummy.process.MemoryReader][pool-2-thread-1] Total memory : 14 MB
2019-08-07 15:06:34,881 WARN [dummy.process.MemoryReader][pool-2-thread-1] Max Memory   : 2048 MB
2019-08-07 15:06:39,902 WARN [dummy.process.MemoryReader][pool-2-thread-1] Used Memory  : 4 MB
2019-08-07 15:06:39,903 WARN [dummy.process.MemoryReader][pool-2-thread-1] Free Memory  : 10 MB
2019-08-07 15:06:39,903 WARN [dummy.process.MemoryReader][pool-2-thread-1] Total memory : 14 MB
2019-08-07 15:06:39,904 WARN [dummy.process.MemoryReader][pool-2-thread-1] Max Memory   : 2048 MB
2019-08-07 15:06:44,927 WARN [dummy.process.MemoryReader][pool-2-thread-1] Used Memory  : 4 MB
2019-08-07 15:06:44,928 WARN [dummy.process.MemoryReader][pool-2-thread-1] Free Memory  : 10 MB
2019-08-07 15:06:44,928 WARN [dummy.process.MemoryReader][pool-2-thread-1] Total memory : 14 MB
2019-08-07 15:06:44,928 WARN [dummy.process.MemoryReader][pool-2-thread-1] Max Memory   : 2048 MB
2019-08-07 15:06:49,953 WARN [dummy.process.MemoryReader][pool-2-thread-1] Used Memory  : 4 MB
2019-08-07 15:06:49,953 WARN [dummy.process.MemoryReader][pool-2-thread-1] Free Memory  : 10 MB
2019-08-07 15:06:49,954 WARN [dummy.process.MemoryReader][pool-2-thread-1] Total memory : 14 MB
2019-08-07 15:06:49,954 WARN [dummy.process.MemoryReader][pool-2-thread-1] Max Memory   : 2048 MB
2019-08-07 15:06:54,975 WARN [dummy.process.MemoryReader][pool-2-thread-1] Used Memory  : 4 MB
2019-08-07 15:06:54,976 WARN [dummy.process.MemoryReader][pool-2-thread-1] Free Memory  : 10 MB
2019-08-07 15:06:54,977 WARN [dummy.process.MemoryReader][pool-2-thread-1] Total memory : 14 MB
2019-08-07 15:06:54,977 WARN [dummy.process.MemoryReader][pool-2-thread-1] Max Memory   : 2048 MB
2019-08-07 15:07:00,001 WARN [dummy.process.MemoryReader][pool-2-thread-1] Used Memory  : 4 MB
2019-08-07 15:07:00,003 WARN [dummy.process.MemoryReader][pool-2-thread-1] Free Memory  : 10 MB
2019-08-07 15:07:00,003 WARN [dummy.process.MemoryReader][pool-2-thread-1] Total memory : 14 MB
2019-08-07 15:07:00,004 WARN [dummy.process.MemoryReader][pool-2-thread-1] Max Memory   : 2048 MB
2019-08-07 15:07:05,027 WARN [dummy.process.MemoryReader][pool-2-thread-1] Used Memory  : 4 MB
2019-08-07 15:07:05,028 WARN [dummy.process.MemoryReader][pool-2-thread-1] Free Memory  : 10 MB
2019-08-07 15:07:05,029 WARN [dummy.process.MemoryReader][pool-2-thread-1] Total memory : 14 MB
2019-08-07 15:07:05,029 WARN [dummy.process.MemoryReader][pool-2-thread-1] Max Memory   : 2048 MB
2019-08-07 15:07:10,054 WARN [dummy.process.MemoryReader][pool-2-thread-1] Used Memory  : 4 MB
2019-08-07 15:07:10,055 WARN [dummy.process.MemoryReader][pool-2-thread-1] Free Memory  : 10 MB
2019-08-07 15:07:10,055 WARN [dummy.process.MemoryReader][pool-2-thread-1] Total memory : 14 MB
2019-08-07 15:07:10,055 WARN [dummy.process.MemoryReader][pool-2-thread-1] Max Memory   : 2048 MB
2019-08-07 15:07:15,075 WARN [dummy.process.MemoryReader][pool-2-thread-1] Used Memory  : 4 MB
2019-08-07 15:07:15,076 WARN [dummy.process.MemoryReader][pool-2-thread-1] Free Memory  : 10 MB
2019-08-07 15:07:15,077 WARN [dummy.process.MemoryReader][pool-2-thread-1] Total memory : 14 MB
2019-08-07 15:07:15,077 WARN [dummy.process.MemoryReader][pool-2-thread-1] Max Memory   : 2048 MB
2019-08-07 15:07:20,098 WARN [dummy.process.MemoryReader][pool-2-thread-1] Used Memory  : 4 MB
2019-08-07 15:07:20,098 WARN [dummy.process.MemoryReader][pool-2-thread-1] Free Memory  : 10 MB
2019-08-07 15:07:20,098 WARN [dummy.process.MemoryReader][pool-2-thread-1] Total memory : 14 MB
2019-08-07 15:07:20,099 WARN [dummy.process.MemoryReader][pool-2-thread-1] Max Memory   : 2048 MB
2019-08-07 15:07:25,119 WARN [dummy.process.MemoryReader][pool-2-thread-1] Used Memory  : 4 MB
2019-08-07 15:07:25,121 WARN [dummy.process.MemoryReader][pool-2-thread-1] Free Memory  : 10 MB
2019-08-07 15:07:25,121 WARN [dummy.process.MemoryReader][pool-2-thread-1] Total memory : 14 MB
2019-08-07 15:07:25,122 WARN [dummy.process.MemoryReader][pool-2-thread-1] Max Memory   : 2048 MB
2019-08-07 15:07:30,143 WARN [dummy.process.MemoryReader][pool-2-thread-1] Used Memory  : 4 MB
2019-08-07 15:07:30,144 WARN [dummy.process.MemoryReader][pool-2-thread-1] Free Memory  : 10 MB
2019-08-07 15:07:30,144 WARN [dummy.process.MemoryReader][pool-2-thread-1] Total memory : 14 MB
2019-08-07 15:07:30,145 WARN [dummy.process.MemoryReader][pool-2-thread-1] Max Memory   : 2048 MB
2019-08-07 15:07:35,167 WARN [dummy.process.MemoryReader][pool-2-thread-1] Used Memory  : 4 MB
2019-08-07 15:07:35,168 WARN [dummy.process.MemoryReader][pool-2-thread-1] Free Memory  : 10 MB
2019-08-07 15:07:35,168 WARN [dummy.process.MemoryReader][pool-2-thread-1] Total memory : 14 MB
2019-08-07 15:07:35,169 WARN [dummy.process.MemoryReader][pool-2-thread-1] Max Memory   : 2048 MB
2019-08-07 15:07:40,193 WARN [dummy.process.MemoryReader][pool-2-thread-1] Used Memory  : 4 MB
2019-08-07 15:07:40,193 WARN [dummy.process.MemoryReader][pool-2-thread-1] Free Memory  : 10 MB
2019-08-07 15:07:40,193 WARN [dummy.process.MemoryReader][pool-2-thread-1] Total memory : 14 MB
2019-08-07 15:07:40,193 WARN [dummy.process.MemoryReader][pool-2-thread-1] Max Memory   : 2048 MB
2019-08-07 15:07:45,215 WARN [dummy.process.MemoryReader][pool-2-thread-1] Used Memory  : 4 MB
2019-08-07 15:07:45,216 WARN [dummy.process.MemoryReader][pool-2-thread-1] Free Memory  : 10 MB
2019-08-07 15:07:45,217 WARN [dummy.process.MemoryReader][pool-2-thread-1] Total memory : 14 MB
2019-08-07 15:07:45,217 WARN [dummy.process.MemoryReader][pool-2-thread-1] Max Memory   : 2048 MB
2019-08-07 15:07:50,239 WARN [dummy.process.MemoryReader][pool-2-thread-1] Used Memory  : 4 MB
2019-08-07 15:07:50,240 WARN [dummy.process.MemoryReader][pool-2-thread-1] Free Memory  : 10 MB
2019-08-07 15:07:50,240 WARN [dummy.process.MemoryReader][pool-2-thread-1] Total memory : 14 MB
2019-08-07 15:07:50,240 WARN [dummy.process.MemoryReader][pool-2-thread-1] Max Memory   : 2048 MB
2019-08-07 15:07:55,262 WARN [dummy.process.MemoryReader][pool-2-thread-1] Used Memory  : 4 MB
2019-08-07 15:07:55,262 WARN [dummy.process.MemoryReader][pool-2-thread-1] Free Memory  : 10 MB
2019-08-07 15:07:55,263 WARN [dummy.process.MemoryReader][pool-2-thread-1] Total memory : 14 MB
2019-08-07 15:07:55,263 WARN [dummy.process.MemoryReader][pool-2-thread-1] Max Memory   : 2048 MB
2019-08-07 15:08:00,287 WARN [dummy.process.MemoryReader][pool-2-thread-1] Used Memory  : 4 MB
2019-08-07 15:08:00,288 WARN [dummy.process.MemoryReader][pool-2-thread-1] Free Memory  : 10 MB
2019-08-07 15:08:00,288 WARN [dummy.process.MemoryReader][pool-2-thread-1] Total memory : 14 MB
2019-08-07 15:08:00,289 WARN [dummy.process.MemoryReader][pool-2-thread-1] Max Memory   : 2048 MB
2019-08-07 15:08:05,313 WARN [dummy.process.MemoryReader][pool-2-thread-1] Used Memory  : 4 MB
2019-08-07 15:08:05,314 WARN [dummy.process.MemoryReader][pool-2-thread-1] Free Memory  : 10 MB
2019-08-07 15:08:05,314 WARN [dummy.process.MemoryReader][pool-2-thread-1] Total memory : 14 MB
2019-08-07 15:08:05,315 WARN [dummy.process.MemoryReader][pool-2-thread-1] Max Memory   : 2048 MB
2019-08-07 15:08:10,337 WARN [dummy.process.MemoryReader][pool-2-thread-1] Used Memory  : 4 MB
2019-08-07 15:08:10,338 WARN [dummy.process.MemoryReader][pool-2-thread-1] Free Memory  : 10 MB
2019-08-07 15:08:10,338 WARN [dummy.process.MemoryReader][pool-2-thread-1] Total memory : 14 MB
2019-08-07 15:08:10,339 WARN [dummy.process.MemoryReader][pool-2-thread-1] Max Memory   : 2048 MB
2019-08-07 15:08:15,359 WARN [dummy.process.MemoryReader][pool-2-thread-1] Used Memory  : 4 MB
2019-08-07 15:08:15,361 WARN [dummy.process.MemoryReader][pool-2-thread-1] Free Memory  : 10 MB
2019-08-07 15:08:15,361 WARN [dummy.process.MemoryReader][pool-2-thread-1] Total memory : 14 MB
2019-08-07 15:08:15,361 WARN [dummy.process.MemoryReader][pool-2-thread-1] Max Memory   : 2048 MB
2019-08-07 15:08:20,383 WARN [dummy.process.MemoryReader][pool-2-thread-1] Used Memory  : 4 MB
2019-08-07 15:08:20,384 WARN [dummy.process.MemoryReader][pool-2-thread-1] Free Memory  : 10 MB
2019-08-07 15:08:20,384 WARN [dummy.process.MemoryReader][pool-2-thread-1] Total memory : 14 MB
2019-08-07 15:08:20,385 WARN [dummy.process.MemoryReader][pool-2-thread-1] Max Memory   : 2048 MB
2019-08-07 15:08:25,408 WARN [dummy.process.MemoryReader][pool-2-thread-1] Used Memory  : 4 MB
2019-08-07 15:08:25,410 WARN [dummy.process.MemoryReader][pool-2-thread-1] Free Memory  : 10 MB
2019-08-07 15:08:25,411 WARN [dummy.process.MemoryReader][pool-2-thread-1] Total memory : 14 MB
2019-08-07 15:08:25,411 WARN [dummy.process.MemoryReader][pool-2-thread-1] Max Memory   : 2048 MB
2019-08-07 15:08:30,428 WARN [dummy.process.MemoryReader][pool-2-thread-1] Used Memory  : 4 MB
2019-08-07 15:08:30,428 WARN [dummy.process.MemoryReader][pool-2-thread-1] Free Memory  : 10 MB
2019-08-07 15:08:30,429 WARN [dummy.process.MemoryReader][pool-2-thread-1] Total memory : 14 MB
2019-08-07 15:08:30,429 WARN [dummy.process.MemoryReader][pool-2-thread-1] Max Memory   : 2048 MB
2019-08-07 15:08:35,455 WARN [dummy.process.MemoryReader][pool-2-thread-1] Used Memory  : 4 MB
2019-08-07 15:08:35,455 WARN [dummy.process.MemoryReader][pool-2-thread-1] Free Memory  : 10 MB
2019-08-07 15:08:35,456 WARN [dummy.process.MemoryReader][pool-2-thread-1] Total memory : 14 MB
2019-08-07 15:08:35,456 WARN [dummy.process.MemoryReader][pool-2-thread-1] Max Memory   : 2048 MB
2019-08-07 15:08:40,479 WARN [dummy.process.MemoryReader][pool-2-thread-1] Used Memory  : 4 MB
2019-08-07 15:08:40,479 WARN [dummy.process.MemoryReader][pool-2-thread-1] Free Memory  : 10 MB
2019-08-07 15:08:40,479 WARN [dummy.process.MemoryReader][pool-2-thread-1] Total memory : 14 MB
2019-08-07 15:08:40,479 WARN [dummy.process.MemoryReader][pool-2-thread-1] Max Memory   : 2048 MB
2019-08-07 15:08:45,502 WARN [dummy.process.MemoryReader][pool-2-thread-1] Used Memory  : 4 MB
2019-08-07 15:08:45,502 WARN [dummy.process.MemoryReader][pool-2-thread-1] Free Memory  : 10 MB
2019-08-07 15:08:45,502 WARN [dummy.process.MemoryReader][pool-2-thread-1] Total memory : 14 MB
2019-08-07 15:08:45,503 WARN [dummy.process.MemoryReader][pool-2-thread-1] Max Memory   : 2048 MB
2019-08-07 15:08:50,522 WARN [dummy.process.MemoryReader][pool-2-thread-1] Used Memory  : 4 MB
2019-08-07 15:08:50,523 WARN [dummy.process.MemoryReader][pool-2-thread-1] Free Memory  : 10 MB
2019-08-07 15:08:50,523 WARN [dummy.process.MemoryReader][pool-2-thread-1] Total memory : 14 MB
2019-08-07 15:08:50,524 WARN [dummy.process.MemoryReader][pool-2-thread-1] Max Memory   : 2048 MB
2019-08-07 15:08:55,541 WARN [dummy.process.MemoryReader][pool-2-thread-1] Used Memory  : 4 MB
2019-08-07 15:08:55,541 WARN [dummy.process.MemoryReader][pool-2-thread-1] Free Memory  : 10 MB
2019-08-07 15:08:55,542 WARN [dummy.process.MemoryReader][pool-2-thread-1] Total memory : 14 MB
2019-08-07 15:08:55,542 WARN [dummy.process.MemoryReader][pool-2-thread-1] Max Memory   : 2048 MB
2019-08-07 15:09:00,558 WARN [dummy.process.MemoryReader][pool-2-thread-1] Used Memory  : 4 MB
2019-08-07 15:09:00,559 WARN [dummy.process.MemoryReader][pool-2-thread-1] Free Memory  : 10 MB
2019-08-07 15:09:00,559 WARN [dummy.process.MemoryReader][pool-2-thread-1] Total memory : 14 MB
2019-08-07 15:09:00,560 WARN [dummy.process.MemoryReader][pool-2-thread-1] Max Memory   : 2048 MB
2019-08-07 15:09:05,580 WARN [dummy.process.MemoryReader][pool-2-thread-1] Used Memory  : 4 MB
2019-08-07 15:09:05,581 WARN [dummy.process.MemoryReader][pool-2-thread-1] Free Memory  : 10 MB
2019-08-07 15:09:05,582 WARN [dummy.process.MemoryReader][pool-2-thread-1] Total memory : 14 MB
2019-08-07 15:09:05,582 WARN [dummy.process.MemoryReader][pool-2-thread-1] Max Memory   : 2048 MB
2019-08-07 15:09:10,608 WARN [dummy.process.MemoryReader][pool-2-thread-1] Used Memory  : 4 MB
2019-08-07 15:09:10,608 WARN [dummy.process.MemoryReader][pool-2-thread-1] Free Memory  : 10 MB
2019-08-07 15:09:10,608 WARN [dummy.process.MemoryReader][pool-2-thread-1] Total memory : 14 MB
2019-08-07 15:09:10,608 WARN [dummy.process.MemoryReader][pool-2-thread-1] Max Memory   : 2048 MB
2019-08-07 15:09:15,627 WARN [dummy.process.MemoryReader][pool-2-thread-1] Used Memory  : 4 MB
2019-08-07 15:09:15,629 WARN [dummy.process.MemoryReader][pool-2-thread-1] Free Memory  : 10 MB
2019-08-07 15:09:15,629 WARN [dummy.process.MemoryReader][pool-2-thread-1] Total memory : 14 MB
2019-08-07 15:09:15,630 WARN [dummy.process.MemoryReader][pool-2-thread-1] Max Memory   : 2048 MB
2019-08-07 15:09:20,654 WARN [dummy.process.MemoryReader][pool-2-thread-1] Used Memory  : 4 MB
2019-08-07 15:09:20,656 WARN [dummy.process.MemoryReader][pool-2-thread-1] Free Memory  : 10 MB
2019-08-07 15:09:20,657 WARN [dummy.process.MemoryReader][pool-2-thread-1] Total memory : 14 MB
2019-08-07 15:09:20,657 WARN [dummy.process.MemoryReader][pool-2-thread-1] Max Memory   : 2048 MB
2019-08-07 15:09:25,679 WARN [dummy.process.MemoryReader][pool-2-thread-1] Used Memory  : 4 MB
2019-08-07 15:09:25,680 WARN [dummy.process.MemoryReader][pool-2-thread-1] Free Memory  : 10 MB
2019-08-07 15:09:25,681 WARN [dummy.process.MemoryReader][pool-2-thread-1] Total memory : 14 MB
2019-08-07 15:09:25,681 WARN [dummy.process.MemoryReader][pool-2-thread-1] Max Memory   : 2048 MB
2019-08-07 15:09:30,359 DEBUG [dummy.process.App][Thread-0] Shutting down
